2026-06-01 18:56:02,859 [INFO] ==================================================
2026-06-01 18:56:02,861 [INFO]   GERADOR MASSIVO ECOMMERCE PORTUGAL
2026-06-01 18:56:02,862 [INFO]   Início: 2026-06-01 18:56:02
2026-06-01 18:56:02,862 [INFO] ==================================================
2026-06-01 18:56:03,001 [INFO] ✅ Ligação ao MongoDB estabelecida com sucesso.
2026-06-01 18:56:03,017 [INFO] 👤 Gerando clientes...
2026-06-01 18:59:23,734 [INFO] ✅ Clientes concluídos em 200.7s (2491 docs/s)
2026-06-01 18:59:23,747 [INFO] 📦 Gerando produtos...
2026-06-01 19:00:42,989 [INFO] ✅ Produtos concluídos em 79.2s (3786 docs/s)
2026-06-01 19:00:43,364 [INFO] 💾 IDs guardados em cache: ids_cache.pkl
2026-06-01 19:00:43,367 [INFO] 🛒 Gerando encomendas...
2026-06-01 19:16:54,547 [INFO] ✅ Encomendas concluídas em 971.2s (4119 docs/s)
2026-06-01 19:16:54,561 [INFO] ⭐ Gerando avaliações...
2026-06-01 19:23:37,610 [INFO] ==================================================
2026-06-01 19:23:37,610 [INFO]   GERADOR MASSIVO ECOMMERCE PORTUGAL
2026-06-01 19:23:37,614 [INFO]   Início: 2026-06-01 19:23:37
2026-06-01 19:23:37,614 [INFO] ==================================================
2026-06-01 19:23:37,728 [INFO] ✅ Ligação ao MongoDB estabelecida com sucesso.
2026-06-01 19:23:37,733 [INFO] 🔄 Coleção 'clientes' tem 2/500,000 documentos. A continuar...
2026-06-01 19:23:37,733 [INFO] 👤 Gerando clientes...
2026-06-01 19:26:49,609 [INFO] ✅ Clientes concluídos em 191.9s (2606 docs/s)
2026-06-01 19:26:49,620 [INFO] 🔄 Coleção 'produtos' tem 1/300,000 documentos. A continuar...
2026-06-01 19:26:49,621 [INFO] 📦 Gerando produtos...
2026-06-01 19:27:41,019 [INFO] ✅ Produtos concluídos em 51.4s (5837 docs/s)
2026-06-01 19:27:41,345 [INFO] 💾 IDs guardados em cache: ids_cache.pkl
2026-06-01 19:27:41,348 [INFO] 🔄 Coleção 'encomendas' tem 1/4,000,000 documentos. A continuar...
2026-06-01 19:27:41,349 [INFO] 🛒 Gerando encomendas...
2026-06-01 19:43:11,294 [INFO] ✅ Encomendas concluídas em 929.9s (4301 docs/s)
2026-06-01 19:43:11,323 [INFO] 🔄 Coleção 'avaliacoes' tem 1/1,500,000 documentos. A continuar...
2026-06-01 19:43:11,324 [INFO] ⭐ Gerando avaliações...
2026-06-01 19:45:14,869 [INFO] ✅ Avaliações concluídas em 123.5s
2026-06-01 19:45:14,882 [INFO] 🔄 Coleção 'logs_sistema' tem 1/2,000,000 documentos. A continuar...
2026-06-01 19:45:14,882 [INFO] 📋 Gerando logs...
2026-06-01 19:53:41,812 [INFO] ✅ Logs concluídos em 506.9s
2026-06-01 19:53:41,818 [INFO] 🔄 Coleção 'pesquisas' tem 1/700,000 documentos. A continuar...
2026-06-01 19:53:41,818 [INFO] 🔍 Gerando pesquisas...
2026-06-01 20:08:50,559 [INFO] ✅ Pesquisas concluídas em 908.7s
2026-06-01 20:08:50,565 [INFO] 🔄 Coleção 'notificacoes' tem 1/500,000 documentos. A continuar...
2026-06-01 20:08:50,565 [INFO] 🔔 Gerando notificações...
2026-06-01 20:09:34,216 [INFO] ✅ Notificações concluídas em 43.6s
2026-06-01 20:09:34,223 [INFO] 🔄 Coleção 'carrinhos' tem 1/500,000 documentos. A continuar...
2026-06-01 20:09:34,226 [INFO] 🛍️  Gerando carrinhos...
2026-06-01 20:10:29,514 [INFO] ✅ Carrinhos concluídos em 55.3s
2026-06-01 20:10:29,525 [INFO] 🗑️  Cache de IDs removido.
2026-06-01 20:10:29,526 [INFO] 
==================================================
2026-06-01 20:10:29,526 [INFO]   RESUMO FINAL DA BASE DE DADOS
2026-06-01 20:10:29,527 [INFO] ==================================================
2026-06-01 20:10:29,531 [INFO]   clientes            :      500,002 documentos
2026-06-01 20:10:29,535 [INFO]   produtos            :      300,001 documentos
2026-06-01 20:10:29,543 [INFO]   encomendas          :    4,000,001 documentos
2026-06-01 20:10:29,546 [INFO]   avaliacoes          :    1,500,001 documentos
2026-06-01 20:10:29,550 [INFO]   logs_sistema        :    2,000,001 documentos
2026-06-01 20:10:29,554 [INFO]   pesquisas           :      700,001 documentos
2026-06-01 20:10:29,558 [INFO]   notificacoes        :      500,001 documentos
2026-06-01 20:10:29,561 [INFO]   carrinhos           :      500,001 documentos
2026-06-01 20:10:29,562 [INFO] --------------------------------------------------
2026-06-01 20:10:29,562 [INFO]   TOTAL               :   10,000,009 documentos
2026-06-01 20:10:29,564 [INFO]   Tempo total: 46.9 minutos
2026-06-01 20:10:29,565 [INFO] ==================================================
2026-06-01 20:10:29,576 [INFO] 🏁 Geração concluída com sucesso!
